{"C:\\Users\\Илона\\Desktop\\S_Liuba_institut_de_beaut\\back_end\\root\\clients.js": {"path":"C:\\Users\\Илона\\Desktop\\S_Liuba_institut_de_beaut\\back_end\\root\\clients.js","statementMap":{"0":{"start":{"line":1,"column":16},"end":{"line":1,"column":34}},"1":{"start":{"line":2,"column":15},"end":{"line":2,"column":31}},"2":{"start":{"line":3,"column":11},"end":{"line":3,"column":27}},"3":{"start":{"line":4,"column":12},"end":{"line":4,"column":26}},"4":{"start":{"line":7,"column":21},"end":{"line":15,"column":2}},"5":{"start":{"line":18,"column":0},"end":{"line":34,"column":3}},"6":{"start":{"line":19,"column":22},"end":{"line":19,"column":53}},"7":{"start":{"line":21,"column":4},"end":{"line":25,"column":5}},"8":{"start":{"line":22,"column":8},"end":{"line":24,"column":88}},"9":{"start":{"line":27,"column":65},"end":{"line":27,"column":73}},"10":{"start":{"line":28,"column":16},"end":{"line":28,"column":111}},"11":{"start":{"line":30,"column":4},"end":{"line":33,"column":7}},"12":{"start":{"line":31,"column":8},"end":{"line":31,"column":69}},"13":{"start":{"line":31,"column":17},"end":{"line":31,"column":69}},"14":{"start":{"line":32,"column":8},"end":{"line":32,"column":92}},"15":{"start":{"line":37,"column":0},"end":{"line":42,"column":3}},"16":{"start":{"line":38,"column":4},"end":{"line":41,"column":7}},"17":{"start":{"line":39,"column":8},"end":{"line":39,"column":69}},"18":{"start":{"line":39,"column":17},"end":{"line":39,"column":69}},"19":{"start":{"line":40,"column":8},"end":{"line":40,"column":26}},"20":{"start":{"line":73,"column":0},"end":{"line":73,"column":24}}},"fnMap":{"0":{"name":"(anonymous_0)","decl":{"start":{"line":18,"column":17},"end":{"line":18,"column":18}},"loc":{"start":{"line":18,"column":31},"end":{"line":34,"column":1}},"line":18},"1":{"name":"(anonymous_1)","decl":{"start":{"line":30,"column":70},"end":{"line":30,"column":71}},"loc":{"start":{"line":30,"column":87},"end":{"line":33,"column":5}},"line":30},"2":{"name":"(anonymous_2)","decl":{"start":{"line":37,"column":16},"end":{"line":37,"column":17}},"loc":{"start":{"line":37,"column":30},"end":{"line":42,"column":1}},"line":37},"3":{"name":"(anonymous_3)","decl":{"start":{"line":38,"column":38},"end":{"line":38,"column":39}},"loc":{"start":{"line":38,"column":56},"end":{"line":41,"column":5}},"line":38}},"branchMap":{"0":{"loc":{"start":{"line":21,"column":4},"end":{"line":25,"column":5}},"type":"if","locations":[{"start":{"line":21,"column":4},"end":{"line":25,"column":5}},{"start":{},"end":{}}],"line":21},"1":{"loc":{"start":{"line":31,"column":8},"end":{"line":31,"column":69}},"type":"if","locations":[{"start":{"line":31,"column":8},"end":{"line":31,"column":69}},{"start":{},"end":{}}],"line":31},"2":{"loc":{"start":{"line":39,"column":8},"end":{"line":39,"column":69}},"type":"if","locations":[{"start":{"line":39,"column":8},"end":{"line":39,"column":69}},{"start":{},"end":{}}],"line":39}},"s":{"0":1,"1":1,"2":1,"3":1,"4":1,"5":1,"6":1,"7":1,"8":1,"9":0,"10":0,"11":0,"12":0,"13":0,"14":0,"15":1,"16":1,"17":1,"18":0,"19":1,"20":1},"f":{"0":1,"1":0,"2":1,"3":1},"b":{"0":[1,0],"1":[0,0],"2":[0,1]},"_coverageSchema":"1a1c01bbd47fc00a2c39e90264f33305004495a9","hash":"bc8f64caf13c2469c883cc00f20ae5951b671532"}
,"C:\\Users\\Илона\\Desktop\\S_Liuba_institut_de_beaut\\back_end\\root\\formulaire.js": {"path":"C:\\Users\\Илона\\Desktop\\S_Liuba_institut_de_beaut\\back_end\\root\\formulaire.js","statementMap":{"0":{"start":{"line":1,"column":16},"end":{"line":1,"column":34}},"1":{"start":{"line":2,"column":15},"end":{"line":2,"column":31}},"2":{"start":{"line":3,"column":11},"end":{"line":3,"column":27}},"3":{"start":{"line":4,"column":12},"end":{"line":4,"column":26}},"4":{"start":{"line":7,"column":25},"end":{"line":15,"column":2}},"5":{"start":{"line":18,"column":0},"end":{"line":35,"column":3}},"6":{"start":{"line":19,"column":22},"end":{"line":19,"column":57}},"7":{"start":{"line":21,"column":4},"end":{"line":25,"column":5}},"8":{"start":{"line":22,"column":8},"end":{"line":24,"column":88}},"9":{"start":{"line":27,"column":78},"end":{"line":27,"column":86}},"10":{"start":{"line":28,"column":16},"end":{"line":29,"column":44}},"11":{"start":{"line":31,"column":4},"end":{"line":34,"column":7}},"12":{"start":{"line":32,"column":8},"end":{"line":32,"column":69}},"13":{"start":{"line":32,"column":17},"end":{"line":32,"column":69}},"14":{"start":{"line":33,"column":8},"end":{"line":33,"column":84}},"15":{"start":{"line":38,"column":0},"end":{"line":43,"column":3}},"16":{"start":{"line":39,"column":4},"end":{"line":42,"column":7}},"17":{"start":{"line":40,"column":8},"end":{"line":40,"column":69}},"18":{"start":{"line":40,"column":17},"end":{"line":40,"column":69}},"19":{"start":{"line":41,"column":8},"end":{"line":41,"column":26}},"20":{"start":{"line":64,"column":0},"end":{"line":64,"column":24}}},"fnMap":{"0":{"name":"(anonymous_0)","decl":{"start":{"line":18,"column":17},"end":{"line":18,"column":18}},"loc":{"start":{"line":18,"column":31},"end":{"line":35,"column":1}},"line":18},"1":{"name":"(anonymous_1)","decl":{"start":{"line":31,"column":83},"end":{"line":31,"column":84}},"loc":{"start":{"line":31,"column":100},"end":{"line":34,"column":5}},"line":31},"2":{"name":"(anonymous_2)","decl":{"start":{"line":38,"column":16},"end":{"line":38,"column":17}},"loc":{"start":{"line":38,"column":30},"end":{"line":43,"column":1}},"line":38},"3":{"name":"(anonymous_3)","decl":{"start":{"line":39,"column":41},"end":{"line":39,"column":42}},"loc":{"start":{"line":39,"column":59},"end":{"line":42,"column":5}},"line":39}},"branchMap":{"0":{"loc":{"start":{"line":21,"column":4},"end":{"line":25,"column":5}},"type":"if","locations":[{"start":{"line":21,"column":4},"end":{"line":25,"column":5}},{"start":{},"end":{}}],"line":21},"1":{"loc":{"start":{"line":32,"column":8},"end":{"line":32,"column":69}},"type":"if","locations":[{"start":{"line":32,"column":8},"end":{"line":32,"column":69}},{"start":{},"end":{}}],"line":32},"2":{"loc":{"start":{"line":40,"column":8},"end":{"line":40,"column":69}},"type":"if","locations":[{"start":{"line":40,"column":8},"end":{"line":40,"column":69}},{"start":{},"end":{}}],"line":40}},"s":{"0":1,"1":1,"2":1,"3":1,"4":1,"5":1,"6":1,"7":1,"8":1,"9":0,"10":0,"11":0,"12":0,"13":0,"14":0,"15":1,"16":1,"17":1,"18":0,"19":1,"20":1},"f":{"0":1,"1":0,"2":1,"3":1},"b":{"0":[1,0],"1":[0,0],"2":[0,1]},"_coverageSchema":"1a1c01bbd47fc00a2c39e90264f33305004495a9","hash":"c5f3d65e8e90f5b69da0fd783de38a94bf7513de"}
}
