TN:
SF:back_end\root\clients.js
FN:18,(anonymous_0)
FN:30,(anonymous_1)
FN:37,(anonymous_2)
FN:38,(anonymous_3)
FNF:4
FNH:3
FNDA:1,(anonymous_0)
FNDA:0,(anonymous_1)
FNDA:1,(anonymous_2)
FNDA:1,(anonymous_3)
DA:1,1
DA:2,1
DA:3,1
DA:4,1
DA:7,1
DA:18,1
DA:19,1
DA:21,1
DA:22,1
DA:27,0
DA:28,0
DA:30,0
DA:31,0
DA:32,0
DA:37,1
DA:38,1
DA:39,1
DA:40,1
DA:73,1
LF:19
LH:14
BRDA:21,0,0,1
BRDA:21,0,1,0
BRDA:31,1,0,0
BRDA:31,1,1,0
BRDA:39,2,0,0
BRDA:39,2,1,1
BRF:6
BRH:2
end_of_record
TN:
SF:back_end\root\formulaire.js
FN:18,(anonymous_0)
FN:31,(anonymous_1)
FN:38,(anonymous_2)
FN:39,(anonymous_3)
FNF:4
FNH:3
FNDA:1,(anonymous_0)
FNDA:0,(anonymous_1)
FNDA:1,(anonymous_2)
FNDA:1,(anonymous_3)
DA:1,1
DA:2,1
DA:3,1
DA:4,1
DA:7,1
DA:18,1
DA:19,1
DA:21,1
DA:22,1
DA:27,0
DA:28,0
DA:31,0
DA:32,0
DA:33,0
DA:38,1
DA:39,1
DA:40,1
DA:41,1
DA:64,1
LF:19
LH:14
BRDA:21,0,0,1
BRDA:21,0,1,0
BRDA:32,1,0,0
BRDA:32,1,1,0
BRDA:40,2,0,0
BRDA:40,2,1,1
BRF:6
BRH:2
end_of_record
